(int; (0, 0))
(Number1; (0, 0))
(=; (0, 0))
(readInt; (0, 0))
((; (0, 0))
(); (0, 0))
(;; (0, 0))
(int; (0, 0))
(number2; (3, 0))
(=; (0, 0))
(readInt; (0, 0))
((; (0, 0))
(); (0, 0))
(;; (0, 0))
(int; (0, 0))
(number3; (4, 0))
(=; (0, 0))
(readInt; (0, 0))
((; (0, 0))
(); (0, 0))
(;; (0, 0))
(if; (0, 0))
((; (0, 0))
(number1; (2, 0))
(>=; (0, 0))
(number2; (3, 0))
(&&; (0, 0))
(number1; (2, 0))
(>=; (0, 0))
(number3; (4, 0))
(); (0, 0))
({; (0, 0))
(console; (0, 0))
(.; (0, 0))
(log; (0, 0))
((; (0, 0))
(number1; (2, 0))
(); (0, 0))
(;; (0, 0))
(return; (0, 0))
(number1; (2, 0))
(;; (0, 0))
(}; (0, 0))
(else; (0, 0))
(if; (0, 0))
((; (0, 0))
(number2; (3, 0))
(>=; (0, 0))
(number1; (2, 0))
(&&; (0, 0))
(number2; (3, 0))
(>=; (0, 0))
(number3; (4, 0))
(); (0, 0))
({; (0, 0))
(console; (0, 0))
(.; (0, 0))
(log; (0, 0))
((; (0, 0))
(number2; (3, 0))
(); (0, 0))
(;; (0, 0))
(return; (0, 0))
(number2; (3, 0))
(;; (0, 0))
(}; (0, 0))
(else; (0, 0))
({; (0, 0))
(console; (0, 0))
(.; (0, 0))
(log; (0, 0))
((; (0, 0))
(number3; (4, 0))
(); (0, 0))
(;; (0, 0))
(return; (0, 0))
(number3; (4, 0))
(;; (0, 0))
(}; (0, 0))
